Performing C SOURCE FILE Test CMAKE_HAVE_LIBC_PTHREAD failed with the following output:
Change Dir: /home/LineZ/NNF/build/CMakeFiles/CMakeTmp

Run Build Command(s):/usr/bin/make cmTC_fa631/fast && /usr/bin/make  -f CMakeFiles/cmTC_fa631.dir/build.make CMakeFiles/cmTC_fa631.dir/build
make[1]: Entering directory '/home/LineZ/NNF/build/CMakeFiles/CMakeTmp'
Building C object CMakeFiles/cmTC_fa631.dir/src.c.o
/usr/bin/gcc   -fPIC -DCMAKE_HAVE_LIBC_PTHREAD -o CMakeFiles/cmTC_fa631.dir/src.c.o -c /home/LineZ/NNF/build/CMakeFiles/CMakeTmp/src.c
Linking C executable cmTC_fa631
/usr/local/bin/cmake -E cmake_link_script CMakeFiles/cmTC_fa631.dir/link.txt --verbose=1
/usr/bin/gcc -fPIC -DCMAKE_HAVE_LIBC_PTHREAD -rdynamic CMakeFiles/cmTC_fa631.dir/src.c.o -o cmTC_fa631 
CMakeFiles/cmTC_fa631.dir/src.c.o: In function `main':
src.c:(.text+0x2f): undefined reference to `pthread_create'
src.c:(.text+0x3b): undefined reference to `pthread_detach'
src.c:(.text+0x47): undefined reference to `pthread_cancel'
src.c:(.text+0x58): undefined reference to `pthread_join'
src.c:(.text+0x6c): undefined reference to `pthread_atfork'
collect2: error: ld returned 1 exit status
CMakeFiles/cmTC_fa631.dir/build.make:106: recipe for target 'cmTC_fa631' failed
make[1]: *** [cmTC_fa631] Error 1
make[1]: Leaving directory '/home/LineZ/NNF/build/CMakeFiles/CMakeTmp'
Makefile:141: recipe for target 'cmTC_fa631/fast' failed
make: *** [cmTC_fa631/fast] Error 2


Source file was:
#include <pthread.h>

void* test_func(void* data)
{
  return data;
}

int main(void)
{
  pthread_t thread;
  pthread_create(&thread, NULL, test_func, NULL);
  pthread_detach(thread);
  pthread_cancel(thread);
  pthread_join(thread, NULL);
  pthread_atfork(NULL, NULL, NULL);
  pthread_exit(NULL);

  return 0;
}

Determining if the function pthread_create exists in the pthreads failed with the following output:
Change Dir: /home/LineZ/NNF/build/CMakeFiles/CMakeTmp

Run Build Command(s):/usr/bin/make cmTC_52c99/fast && /usr/bin/make  -f CMakeFiles/cmTC_52c99.dir/build.make CMakeFiles/cmTC_52c99.dir/build
make[1]: Entering directory '/home/LineZ/NNF/build/CMakeFiles/CMakeTmp'
Building C object CMakeFiles/cmTC_52c99.dir/CheckFunctionExists.c.o
/usr/bin/gcc   -fPIC -DCHECK_FUNCTION_EXISTS=pthread_create -o CMakeFiles/cmTC_52c99.dir/CheckFunctionExists.c.o -c /usr/local/share/cmake-3.18/Modules/CheckFunctionExists.c
Linking C executable cmTC_52c99
/usr/local/bin/cmake -E cmake_link_script CMakeFiles/cmTC_52c99.dir/link.txt --verbose=1
/usr/bin/gcc -fPIC -DCHECK_FUNCTION_EXISTS=pthread_create -rdynamic CMakeFiles/cmTC_52c99.dir/CheckFunctionExists.c.o -o cmTC_52c99  -lpthreads 
/usr/bin/ld: cannot find -lpthreads
collect2: error: ld returned 1 exit status
CMakeFiles/cmTC_52c99.dir/build.make:106: recipe for target 'cmTC_52c99' failed
make[1]: *** [cmTC_52c99] Error 1
make[1]: Leaving directory '/home/LineZ/NNF/build/CMakeFiles/CMakeTmp'
Makefile:141: recipe for target 'cmTC_52c99/fast' failed
make: *** [cmTC_52c99/fast] Error 2



